Traceback (most recent call last):
  File "/opt/hostedtoolcache/Python/3.8.14/x64/lib/python3.8/site-packages/jupyter_cache/executors/utils.py", line 51, in single_nb_execution
    executenb(
  File "/opt/hostedtoolcache/Python/3.8.14/x64/lib/python3.8/site-packages/nbclient/client.py", line 1204, in execute
    return NotebookClient(nb=nb, resources=resources, km=km, **kwargs).execute()
  File "/opt/hostedtoolcache/Python/3.8.14/x64/lib/python3.8/site-packages/nbclient/util.py", line 84, in wrapped
    return just_run(coro(*args, **kwargs))
  File "/opt/hostedtoolcache/Python/3.8.14/x64/lib/python3.8/site-packages/nbclient/util.py", line 62, in just_run
    return loop.run_until_complete(coro)
  File "/opt/hostedtoolcache/Python/3.8.14/x64/lib/python3.8/asyncio/base_events.py", line 616, in run_until_complete
    return future.result()
  File "/opt/hostedtoolcache/Python/3.8.14/x64/lib/python3.8/site-packages/nbclient/client.py", line 663, in async_execute
    await self.async_execute_cell(
  File "/opt/hostedtoolcache/Python/3.8.14/x64/lib/python3.8/site-packages/nbclient/client.py", line 965, in async_execute_cell
    await self._check_raise_for_error(cell, cell_index, exec_reply)
  File "/opt/hostedtoolcache/Python/3.8.14/x64/lib/python3.8/site-packages/nbclient/client.py", line 862, in _check_raise_for_error
    raise CellExecutionError.from_cell_and_msg(cell, exec_reply_content)
nbclient.exceptions.CellExecutionError: An error occurred while executing the following cell:
------------------
female_charges = sex_and_charges.query("sex == 'female'")['charges'].mean()
female_charges_display = '$' + format(female_charges, '.2F')
male_charges = sex_and_charges.query("sex == 'male'")['charges'].mean()
male_charges_display = '$' + format(male_charges, '.2F')

display(HTML(style.format(palette["Pink Lace"]) + html.format(female_charges_display, male_charges_display)))

------------------

[0;31m---------------------------------------------------------------------------[0m
[0;31mKeyError[0m                                  Traceback (most recent call last)
Cell [0;32mIn [4], line 6[0m
[1;32m      3[0m male_charges [38;5;241m=[39m sex_and_charges[38;5;241m.[39mquery([38;5;124m"[39m[38;5;124msex == [39m[38;5;124m'[39m[38;5;124mmale[39m[38;5;124m'[39m[38;5;124m"[39m)[[38;5;124m'[39m[38;5;124mcharges[39m[38;5;124m'[39m][38;5;241m.[39mmean()
[1;32m      4[0m male_charges_display [38;5;241m=[39m [38;5;124m'[39m[38;5;124m$[39m[38;5;124m'[39m [38;5;241m+[39m [38;5;28mformat[39m(male_charges, [38;5;124m'[39m[38;5;124m.2F[39m[38;5;124m'[39m)
[0;32m----> 6[0m display(HTML(style[38;5;241m.[39mformat(palette[[38;5;124m"[39m[38;5;124mPink Lace[39m[38;5;124m"[39m]) [38;5;241m+[39m html[38;5;241m.[39mformat(female_charges_display, male_charges_display)))

[0;31mKeyError[0m: '\n    width'
KeyError: '\n    width'

